2026-06-27 08:46:44,440 - BarcodeOCR - INFO - _build_root_logger:58 - Logger initialised -> C:\Users\ajink\OneDrive\Desktop\barcode_ocr_systemmm\outputs\logs\barcode_ocr_20260627_084644.log
2026-06-27 08:46:46,448 - BarcodeOCR.core.barcode_detection - INFO - __init__:197 - Barcode engines available: ['opencv', 'zxing']
2026-06-27 08:46:55,846 - BarcodeOCR.services.ocr_service - INFO - __init__:131 - PaddleOCR not available (optional engine): Unknown argument: show_log
2026-06-27 08:46:55,846 - BarcodeOCR.services.ocr_service - INFO - __init__:161 - OCR engines available: ['easyocr', 'tesseract']
2026-06-27 08:47:42,740 - BarcodeOCR.core.preprocessing - INFO - load_image:57 - Image loaded: C:\Users\ajink\OneDrive\Desktop\barcode_ocr_systemmm\input_images\3.png shape=(548, 750, 3)
2026-06-27 08:47:58,729 - BarcodeOCR.core.preprocessing - INFO - load_image:57 - Image loaded: C:\Users\ajink\OneDrive\Desktop\barcode_ocr_systemmm\input_images\3.png shape=(548, 750, 3)
2026-06-27 08:47:59,355 - BarcodeOCR.core.barcode_detection - INFO - detect_barcode:227 - Barcode decoded via zxing: '02B0268241M' [CODE_128]
2026-06-27 08:47:59,355 - BarcodeOCR.core.preprocessing - DEBUG - crop_text_below_barcode:273 - Text ROI cropped using barcode bbox
2026-06-27 08:48:01,556 - BarcodeOCR.services.ocr_service - INFO - extract_text:198 - OCR completed -> '02B0268241M' (94.4%) via easyocr in 2.2s
2026-06-27 08:48:01,556 - BarcodeOCR.core.preprocessing - DEBUG - crop_text_below_barcode:273 - Text ROI cropped using barcode bbox
2026-06-27 08:48:02,199 - BarcodeOCR.services.report_service - INFO - save_to_pdf:178 - PDF report saved -> outputs\reports\report_20260627_084802.pdf
2026-06-27 08:48:02,214 - BarcodeOCR.services.report_service - INFO - save_to_csv:78 - CSV saved -> outputs\results.csv
2026-06-27 08:48:02,231 - BarcodeOCR.services.report_service - INFO - save_to_excel:121 - Excel saved -> outputs\results.xlsx
2026-06-27 08:48:02,233 - BarcodeOCR.services.report_service - INFO - save_all_json:132 - JSON saved -> outputs\json\all_results.json
2026-06-27 08:48:14,767 - BarcodeOCR.core.preprocessing - INFO - load_image:57 - Image loaded: C:\Users\ajink\OneDrive\Desktop\barcode_ocr_systemmm\input_images\32.png shape=(548, 750, 3)
2026-06-27 08:48:14,769 - BarcodeOCR.core.preprocessing - DEBUG - crop_text_below_barcode:273 - Text ROI cropped using barcode bbox
2026-06-27 08:48:14,943 - BarcodeOCR.services.report_service - INFO - save_to_pdf:178 - PDF report saved -> outputs\reports\report_20260627_084814.pdf
2026-06-27 08:48:14,951 - BarcodeOCR.services.report_service - INFO - save_to_csv:78 - CSV saved -> outputs\results.csv
2026-06-27 08:48:14,965 - BarcodeOCR.services.report_service - INFO - save_to_excel:121 - Excel saved -> outputs\results.xlsx
2026-06-27 08:48:14,967 - BarcodeOCR.services.report_service - INFO - save_all_json:132 - JSON saved -> outputs\json\all_results.json
2026-06-27 08:48:20,357 - BarcodeOCR.core.preprocessing - INFO - load_image:57 - Image loaded: C:\Users\ajink\OneDrive\Desktop\barcode_ocr_systemmm\input_images\32.png shape=(548, 750, 3)
2026-06-27 08:48:20,923 - BarcodeOCR.core.barcode_detection - INFO - detect_barcode:227 - Barcode decoded via zxing: '02B2279242M' [CODE_128]
2026-06-27 08:48:20,930 - BarcodeOCR.core.preprocessing - DEBUG - crop_text_below_barcode:273 - Text ROI cropped using barcode bbox
2026-06-27 08:48:23,570 - BarcodeOCR.services.ocr_service - WARNING - extract_text:192 - OCR returned no results from any engine
2026-06-27 08:48:23,570 - BarcodeOCR.core.preprocessing - DEBUG - crop_text_below_barcode:273 - Text ROI cropped using barcode bbox
2026-06-27 08:48:23,739 - BarcodeOCR.services.report_service - INFO - save_to_pdf:178 - PDF report saved -> outputs\reports\report_20260627_084823.pdf
2026-06-27 08:48:23,746 - BarcodeOCR.services.report_service - INFO - save_to_csv:78 - CSV saved -> outputs\results.csv
2026-06-27 08:48:23,759 - BarcodeOCR.services.report_service - INFO - save_to_excel:121 - Excel saved -> outputs\results.xlsx
2026-06-27 08:48:23,761 - BarcodeOCR.services.report_service - INFO - save_all_json:132 - JSON saved -> outputs\json\all_results.json
2026-06-27 08:48:37,244 - BarcodeOCR.core.preprocessing - INFO - load_image:57 - Image loaded: C:\Users\ajink\OneDrive\Desktop\barcode_ocr_systemmm\input_images\3.png shape=(548, 750, 3)
2026-06-27 08:48:37,246 - BarcodeOCR.core.preprocessing - DEBUG - crop_text_below_barcode:273 - Text ROI cropped using barcode bbox
2026-06-27 08:48:37,426 - BarcodeOCR.services.report_service - INFO - save_to_pdf:178 - PDF report saved -> outputs\reports\report_20260627_084837.pdf
2026-06-27 08:48:37,435 - BarcodeOCR.services.report_service - INFO - save_to_csv:78 - CSV saved -> outputs\results.csv
2026-06-27 08:48:37,446 - BarcodeOCR.services.report_service - INFO - save_to_excel:121 - Excel saved -> outputs\results.xlsx
2026-06-27 08:48:37,448 - BarcodeOCR.services.report_service - INFO - save_all_json:132 - JSON saved -> outputs\json\all_results.json
2026-06-27 08:48:41,063 - BarcodeOCR.core.preprocessing - INFO - load_image:57 - Image loaded: C:\Users\ajink\OneDrive\Desktop\barcode_ocr_systemmm\input_images\3.png shape=(548, 750, 3)
2026-06-27 08:48:41,636 - BarcodeOCR.core.barcode_detection - INFO - detect_barcode:227 - Barcode decoded via zxing: '02B0268241M' [CODE_128]
2026-06-27 08:48:41,643 - BarcodeOCR.core.preprocessing - DEBUG - crop_text_below_barcode:273 - Text ROI cropped using barcode bbox
2026-06-27 08:48:43,570 - BarcodeOCR.services.ocr_service - INFO - extract_text:198 - OCR completed -> '02B0268241M' (94.4%) via easyocr in 1.926s
2026-06-27 08:48:43,574 - BarcodeOCR.core.preprocessing - DEBUG - crop_text_below_barcode:273 - Text ROI cropped using barcode bbox
2026-06-27 08:48:43,761 - BarcodeOCR.services.report_service - INFO - save_to_pdf:178 - PDF report saved -> outputs\reports\report_20260627_084843.pdf
2026-06-27 08:48:43,772 - BarcodeOCR.services.report_service - INFO - save_to_csv:78 - CSV saved -> outputs\results.csv
2026-06-27 08:48:43,787 - BarcodeOCR.services.report_service - INFO - save_to_excel:121 - Excel saved -> outputs\results.xlsx
2026-06-27 08:48:43,790 - BarcodeOCR.services.report_service - INFO - save_all_json:132 - JSON saved -> outputs\json\all_results.json
2026-06-27 08:48:58,061 - BarcodeOCR.core.preprocessing - INFO - load_image:57 - Image loaded: C:\Users\ajink\OneDrive\Desktop\barcode_ocr_systemmm\input_images\42.png shape=(548, 750, 3)
2026-06-27 08:48:58,063 - BarcodeOCR.core.preprocessing - DEBUG - crop_text_below_barcode:273 - Text ROI cropped using barcode bbox
2026-06-27 08:48:58,241 - BarcodeOCR.services.report_service - INFO - save_to_pdf:178 - PDF report saved -> outputs\reports\report_20260627_084858.pdf
2026-06-27 08:48:58,249 - BarcodeOCR.services.report_service - INFO - save_to_csv:78 - CSV saved -> outputs\results.csv
2026-06-27 08:48:58,262 - BarcodeOCR.services.report_service - INFO - save_to_excel:121 - Excel saved -> outputs\results.xlsx
2026-06-27 08:48:58,263 - BarcodeOCR.services.report_service - INFO - save_all_json:132 - JSON saved -> outputs\json\all_results.json
2026-06-27 08:49:02,362 - BarcodeOCR.core.preprocessing - INFO - load_image:57 - Image loaded: C:\Users\ajink\OneDrive\Desktop\barcode_ocr_systemmm\input_images\42.png shape=(548, 750, 3)
2026-06-27 08:49:02,906 - BarcodeOCR.core.barcode_detection - INFO - detect_barcode:227 - Barcode decoded via zxing: '02B2363241M' [CODE_128]
2026-06-27 08:49:02,906 - BarcodeOCR.core.preprocessing - DEBUG - crop_text_below_barcode:273 - Text ROI cropped using barcode bbox
2026-06-27 08:49:04,355 - BarcodeOCR.services.ocr_service - INFO - extract_text:198 - OCR completed -> 'LT0A' (6.5%) via easyocr in 1.452s
2026-06-27 08:49:04,355 - BarcodeOCR.core.preprocessing - DEBUG - crop_text_below_barcode:273 - Text ROI cropped using barcode bbox
2026-06-27 08:49:04,520 - BarcodeOCR.services.report_service - INFO - save_to_pdf:178 - PDF report saved -> outputs\reports\report_20260627_084904.pdf
2026-06-27 08:49:04,526 - BarcodeOCR.services.report_service - INFO - save_to_csv:78 - CSV saved -> outputs\results.csv
2026-06-27 08:49:04,537 - BarcodeOCR.services.report_service - INFO - save_to_excel:121 - Excel saved -> outputs\results.xlsx
2026-06-27 08:49:04,538 - BarcodeOCR.services.report_service - INFO - save_all_json:132 - JSON saved -> outputs\json\all_results.json
2026-06-27 08:49:51,463 - BarcodeOCR.core.preprocessing - INFO - load_image:57 - Image loaded: C:\Users\ajink\OneDrive\Desktop\barcode_ocr_systemmm\input_images\42.png shape=(548, 750, 3)
2026-06-27 08:49:51,463 - BarcodeOCR.core.preprocessing - DEBUG - crop_text_below_barcode:273 - Text ROI cropped using barcode bbox
2026-06-27 08:49:51,503 - BarcodeOCR.core.preprocessing - INFO - load_image:57 - Image loaded: C:\Users\ajink\OneDrive\Desktop\barcode_ocr_systemmm\input_images\3.png shape=(548, 750, 3)
2026-06-27 08:49:51,503 - BarcodeOCR.core.preprocessing - INFO - load_image:57 - Image loaded: C:\Users\ajink\OneDrive\Desktop\barcode_ocr_systemmm\input_images\2.png shape=(548, 750, 3)
2026-06-27 08:49:51,505 - BarcodeOCR.core.preprocessing - INFO - load_image:57 - Image loaded: C:\Users\ajink\OneDrive\Desktop\barcode_ocr_systemmm\input_images\1.png shape=(548, 750, 3)
2026-06-27 08:49:51,507 - BarcodeOCR.core.preprocessing - INFO - load_image:57 - Image loaded: C:\Users\ajink\OneDrive\Desktop\barcode_ocr_systemmm\input_images\4.png shape=(548, 750, 3)
2026-06-27 08:49:51,508 - BarcodeOCR.core.preprocessing - INFO - load_image:57 - Image loaded: C:\Users\ajink\OneDrive\Desktop\barcode_ocr_systemmm\input_images\5.png shape=(548, 750, 3)
2026-06-27 08:49:51,511 - BarcodeOCR.core.preprocessing - INFO - load_image:57 - Image loaded: C:\Users\ajink\OneDrive\Desktop\barcode_ocr_systemmm\input_images\8.png shape=(548, 750, 3)
2026-06-27 08:49:51,512 - BarcodeOCR.core.preprocessing - INFO - load_image:57 - Image loaded: C:\Users\ajink\OneDrive\Desktop\barcode_ocr_systemmm\input_images\7.png shape=(548, 750, 3)
2026-06-27 08:49:51,516 - BarcodeOCR.core.preprocessing - INFO - load_image:57 - Image loaded: C:\Users\ajink\OneDrive\Desktop\barcode_ocr_systemmm\input_images\6.png shape=(548, 750, 3)
2026-06-27 08:49:52,526 - BarcodeOCR.core.barcode_detection - INFO - detect_barcode:227 - Barcode decoded via zxing: '02B0436241M' [CODE_128]
2026-06-27 08:49:52,526 - BarcodeOCR.core.barcode_detection - INFO - detect_barcode:227 - Barcode decoded via zxing: '02B0205241M' [CODE_128]
2026-06-27 08:49:52,526 - BarcodeOCR.core.preprocessing - DEBUG - crop_text_below_barcode:273 - Text ROI cropped using barcode bbox
2026-06-27 08:49:52,531 - BarcodeOCR.core.preprocessing - DEBUG - crop_text_below_barcode:273 - Text ROI cropped using barcode bbox
2026-06-27 08:49:52,533 - BarcodeOCR.core.barcode_detection - INFO - detect_barcode:227 - Barcode decoded via opencv: '9014735424797' [EAN_13]
2026-06-27 08:49:52,533 - BarcodeOCR.core.preprocessing - DEBUG - crop_text_below_barcode:273 - Text ROI cropped using barcode bbox
2026-06-27 08:49:52,558 - BarcodeOCR.core.barcode_detection - INFO - detect_barcode:227 - Barcode decoded via zxing: '02B0411241M' [CODE_128]
2026-06-27 08:49:52,560 - BarcodeOCR.core.preprocessing - DEBUG - crop_text_below_barcode:273 - Text ROI cropped using barcode bbox
2026-06-27 08:49:52,568 - BarcodeOCR.core.barcode_detection - INFO - detect_barcode:227 - Barcode decoded via opencv: '020745492793' [UPC_A]
2026-06-27 08:49:52,568 - BarcodeOCR.core.preprocessing - DEBUG - crop_text_below_barcode:273 - Text ROI cropped using barcode bbox
2026-06-27 08:49:52,618 - BarcodeOCR.core.barcode_detection - INFO - detect_barcode:227 - Barcode decoded via zxing: '02B0855241P' [CODE_128]
2026-06-27 08:49:52,619 - BarcodeOCR.core.preprocessing - DEBUG - crop_text_below_barcode:273 - Text ROI cropped using barcode bbox
2026-06-27 08:49:52,623 - BarcodeOCR.core.barcode_detection - INFO - detect_barcode:227 - Barcode decoded via zxing: '02B0669241M' [CODE_128]
2026-06-27 08:49:52,623 - BarcodeOCR.core.preprocessing - DEBUG - crop_text_below_barcode:273 - Text ROI cropped using barcode bbox
2026-06-27 08:49:52,623 - BarcodeOCR.core.barcode_detection - INFO - detect_barcode:227 - Barcode decoded via zxing: '02B0268241M' [CODE_128]
2026-06-27 08:49:52,634 - BarcodeOCR.core.preprocessing - DEBUG - crop_text_below_barcode:273 - Text ROI cropped using barcode bbox
2026-06-27 08:49:57,042 - BarcodeOCR.services.ocr_service - INFO - extract_text:198 - OCR completed -> 'PEGECIELASTRLUA' (32.7%) via tesseract in 4.505s
2026-06-27 08:49:57,077 - BarcodeOCR.core.preprocessing - INFO - load_image:57 - Image loaded: C:\Users\ajink\OneDrive\Desktop\barcode_ocr_systemmm\input_images\9.png shape=(548, 750, 3)
2026-06-27 08:49:57,545 - BarcodeOCR.services.ocr_service - INFO - extract_text:198 - OCR completed -> 'PETETIRETEAA' (24.4%) via tesseract in 4.914s
2026-06-27 08:49:57,582 - BarcodeOCR.core.preprocessing - INFO - load_image:57 - Image loaded: C:\Users\ajink\OneDrive\Desktop\barcode_ocr_systemmm\input_images\10.png shape=(548, 750, 3)
2026-06-27 08:49:59,120 - BarcodeOCR.core.barcode_detection - INFO - detect_barcode:227 - Barcode decoded via zxing: '02B1214241M' [CODE_128]
2026-06-27 08:49:59,138 - BarcodeOCR.core.preprocessing - DEBUG - crop_text_below_barcode:273 - Text ROI cropped using barcode bbox
2026-06-27 08:49:59,662 - BarcodeOCR.core.barcode_detection - WARNING - detect_barcode:223 - No barcode detected by any engine/variant
2026-06-27 08:49:59,720 - BarcodeOCR.core.preprocessing - DEBUG - crop_text_below_barcode:273 - Text ROI cropped using barcode bbox
2026-06-27 08:50:00,832 - BarcodeOCR.services.ocr_service - INFO - extract_text:198 - OCR completed -> 'HVATAEST' (24.0%) via tesseract in 8.211s
2026-06-27 08:50:00,834 - BarcodeOCR.services.ocr_service - INFO - extract_text:198 - OCR completed -> 'OUTTAAEELTETTRTTRTEE' (34.5%) via tesseract in 8.297s
2026-06-27 08:50:00,859 - BarcodeOCR.core.preprocessing - INFO - load_image:57 - Image loaded: C:\Users\ajink\OneDrive\Desktop\barcode_ocr_systemmm\input_images\11.png shape=(548, 750, 3)
2026-06-27 08:50:00,876 - BarcodeOCR.core.preprocessing - INFO - load_image:57 - Image loaded: C:\Users\ajink\OneDrive\Desktop\barcode_ocr_systemmm\input_images\12.png shape=(548, 750, 3)
2026-06-27 08:50:01,042 - BarcodeOCR.services.ocr_service - INFO - extract_text:198 - OCR completed -> '0281168241M' (61.4%) via easyocr in 8.466s
2026-06-27 08:50:01,079 - BarcodeOCR.core.preprocessing - INFO - load_image:57 - Image loaded: C:\Users\ajink\OneDrive\Desktop\barcode_ocr_systemmm\input_images\13.png shape=(548, 750, 3)
2026-06-27 08:50:01,165 - BarcodeOCR.services.ocr_service - INFO - extract_text:198 - OCR completed -> '0280268241M' (39.2%) via easyocr in 8.625s
2026-06-27 08:50:01,233 - BarcodeOCR.core.preprocessing - INFO - load_image:57 - Image loaded: C:\Users\ajink\OneDrive\Desktop\barcode_ocr_systemmm\input_images\14.png shape=(548, 750, 3)
2026-06-27 08:50:01,542 - BarcodeOCR.services.ocr_service - INFO - extract_text:198 - OCR completed -> '02B0411241M' (84.0%) via tesseract in 8.982s
2026-06-27 08:50:01,586 - BarcodeOCR.core.preprocessing - INFO - load_image:57 - Image loaded: C:\Users\ajink\OneDrive\Desktop\barcode_ocr_systemmm\input_images\15.png shape=(548, 750, 3)
2026-06-27 08:50:01,812 - BarcodeOCR.services.ocr_service - INFO - extract_text:198 - OCR completed -> '02B0268241M' (92.3%) via easyocr in 9.175s
2026-06-27 08:50:01,864 - BarcodeOCR.core.preprocessing - INFO - load_image:57 - Image loaded: C:\Users\ajink\OneDrive\Desktop\barcode_ocr_systemmm\input_images\16.png shape=(548, 750, 3)
2026-06-27 08:50:02,880 - BarcodeOCR.core.barcode_detection - INFO - detect_barcode:227 - Barcode decoded via zxing: '02B2031241M' [CODE_128]
2026-06-27 08:50:02,884 - BarcodeOCR.core.preprocessing - DEBUG - crop_text_below_barcode:273 - Text ROI cropped using barcode bbox
2026-06-27 08:50:02,929 - BarcodeOCR.core.barcode_detection - WARNING - detect_barcode:223 - No barcode detected by any engine/variant
2026-06-27 08:50:02,945 - BarcodeOCR.core.preprocessing - DEBUG - crop_text_below_barcode:273 - Text ROI cropped using barcode bbox
2026-06-27 08:50:03,035 - BarcodeOCR.core.barcode_detection - INFO - detect_barcode:227 - Barcode decoded via zxing: '02B2073241M' [CODE_128]
2026-06-27 08:50:03,039 - BarcodeOCR.core.preprocessing - DEBUG - crop_text_below_barcode:273 - Text ROI cropped using barcode bbox
2026-06-27 08:50:03,123 - BarcodeOCR.services.ocr_service - INFO - extract_text:198 - OCR completed -> 'PAVALTTETHEEA' (34.2%) via tesseract in 3.968s
2026-06-27 08:50:03,148 - BarcodeOCR.core.barcode_detection - INFO - detect_barcode:227 - Barcode decoded via zxing: '02B2074241M' [CODE_128]
2026-06-27 08:50:03,166 - BarcodeOCR.core.preprocessing - DEBUG - crop_text_below_barcode:273 - Text ROI cropped using barcode bbox
2026-06-27 08:50:03,159 - BarcodeOCR.core.preprocessing - INFO - load_image:57 - Image loaded: C:\Users\ajink\OneDrive\Desktop\barcode_ocr_systemmm\input_images\17.png shape=(548, 750, 3)
2026-06-27 08:50:03,307 - BarcodeOCR.core.barcode_detection - WARNING - detect_barcode:223 - No barcode detected by any engine/variant
2026-06-27 08:50:03,343 - BarcodeOCR.core.preprocessing - DEBUG - crop_text_below_barcode:273 - Text ROI cropped using barcode bbox
2026-06-27 08:50:03,693 - BarcodeOCR.core.barcode_detection - INFO - detect_barcode:227 - Barcode decoded via zxing: '02B2105241M' [CODE_128]
2026-06-27 08:50:03,705 - BarcodeOCR.core.preprocessing - DEBUG - crop_text_below_barcode:273 - Text ROI cropped using barcode bbox
2026-06-27 08:50:04,869 - BarcodeOCR.services.ocr_service - INFO - extract_text:198 - OCR completed -> '028121624M' (38.0%) via easyocr in 5.138s
2026-06-27 08:50:04,889 - BarcodeOCR.core.preprocessing - INFO - load_image:57 - Image loaded: C:\Users\ajink\OneDrive\Desktop\barcode_ocr_systemmm\input_images\18.png shape=(548, 750, 3)
2026-06-27 08:50:05,362 - BarcodeOCR.core.barcode_detection - WARNING - detect_barcode:223 - No barcode detected by any engine/variant
2026-06-27 08:50:05,454 - BarcodeOCR.core.preprocessing - DEBUG - crop_text_below_barcode:273 - Text ROI cropped using barcode bbox
2026-06-27 08:50:06,926 - BarcodeOCR.core.barcode_detection - WARNING - detect_barcode:223 - No barcode detected by any engine/variant
2026-06-27 08:50:06,964 - BarcodeOCR.core.preprocessing - DEBUG - crop_text_below_barcode:273 - Text ROI cropped using barcode bbox
2026-06-27 08:50:09,995 - BarcodeOCR.services.ocr_service - INFO - extract_text:198 - OCR completed -> 'SU' (33.0%) via tesseract in 6.287s
2026-06-27 08:50:10,090 - BarcodeOCR.core.preprocessing - INFO - load_image:57 - Image loaded: C:\Users\ajink\OneDrive\Desktop\barcode_ocr_systemmm\input_images\19.png shape=(548, 750, 3)
2026-06-27 08:50:12,480 - BarcodeOCR.services.ocr_service - INFO - extract_text:198 - OCR completed -> 'SRTTTTAEETTEETN' (35.7%) via tesseract in 9.312s
2026-06-27 08:50:12,506 - BarcodeOCR.core.preprocessing - INFO - load_image:57 - Image loaded: C:\Users\ajink\OneDrive\Desktop\barcode_ocr_systemmm\input_images\20.png shape=(548, 750, 3)
2026-06-27 08:50:13,318 - BarcodeOCR.core.barcode_detection - INFO - detect_barcode:227 - Barcode decoded via zxing: '02B2121241M' [CODE_128]
2026-06-27 08:50:13,322 - BarcodeOCR.core.preprocessing - DEBUG - crop_text_below_barcode:273 - Text ROI cropped using barcode bbox
2026-06-27 08:50:13,441 - BarcodeOCR.services.ocr_service - INFO - extract_text:198 - OCR completed -> 'RATERRHE' (20.0%) via tesseract in 10.4s
2026-06-27 08:50:13,454 - BarcodeOCR.core.preprocessing - INFO - load_image:57 - Image loaded: C:\Users\ajink\OneDrive\Desktop\barcode_ocr_systemmm\input_images\21.png shape=(548, 750, 3)
2026-06-27 08:50:13,573 - BarcodeOCR.services.ocr_service - INFO - extract_text:198 - OCR completed -> '0282059241M' (65.9%) via easyocr in 10.628s
2026-06-27 08:50:13,592 - BarcodeOCR.services.ocr_service - INFO - extract_text:198 - OCR completed -> '02B2101241M' (49.2%) via easyocr in 10.246s
2026-06-27 08:50:13,592 - BarcodeOCR.core.preprocessing - INFO - load_image:57 - Image loaded: C:\Users\ajink\OneDrive\Desktop\barcode_ocr_systemmm\input_images\22.png shape=(548, 750, 3)
2026-06-27 08:50:13,623 - BarcodeOCR.core.preprocessing - INFO - load_image:57 - Image loaded: C:\Users\ajink\OneDrive\Desktop\barcode_ocr_systemmm\input_images\23.png shape=(548, 750, 3)
2026-06-27 08:50:13,651 - BarcodeOCR.services.ocr_service - INFO - extract_text:198 - OCR completed -> '0282114241M' (77.5%) via easyocr in 8.187s
2026-06-27 08:50:13,670 - BarcodeOCR.core.preprocessing - INFO - load_image:57 - Image loaded: C:\Users\ajink\OneDrive\Desktop\barcode_ocr_systemmm\input_images\24.png shape=(548, 750, 3)
2026-06-27 08:50:14,010 - BarcodeOCR.core.barcode_detection - WARNING - detect_barcode:223 - No barcode detected by any engine/variant
2026-06-27 08:50:14,029 - BarcodeOCR.core.preprocessing - DEBUG - crop_text_below_barcode:273 - Text ROI cropped using barcode bbox
2026-06-27 08:50:14,325 - BarcodeOCR.services.ocr_service - INFO - extract_text:198 - OCR completed -> 'OOR9ORIAIM' (2.9%) via easyocr in 11.439s
2026-06-27 08:50:14,334 - BarcodeOCR.services.ocr_service - INFO - extract_text:198 - OCR completed -> '0282117241P' (70.6%) via easyocr in 7.366s
2026-06-27 08:50:14,359 - BarcodeOCR.core.preprocessing - INFO - load_image:57 - Image loaded: C:\Users\ajink\OneDrive\Desktop\barcode_ocr_systemmm\input_images\26.png shape=(548, 750, 3)
2026-06-27 08:50:14,370 - BarcodeOCR.core.preprocessing - INFO - load_image:57 - Image loaded: C:\Users\ajink\OneDrive\Desktop\barcode_ocr_systemmm\input_images\25.png shape=(548, 750, 3)
2026-06-27 08:50:15,697 - BarcodeOCR.core.barcode_detection - WARNING - detect_barcode:223 - No barcode detected by any engine/variant
2026-06-27 08:50:15,749 - BarcodeOCR.core.preprocessing - DEBUG - crop_text_below_barcode:273 - Text ROI cropped using barcode bbox
2026-06-27 08:50:15,865 - BarcodeOCR.core.barcode_detection - INFO - detect_barcode:227 - Barcode decoded via zxing: '02B2135241M' [CODE_128]
2026-06-27 08:50:15,870 - BarcodeOCR.core.preprocessing - DEBUG - crop_text_below_barcode:273 - Text ROI cropped using barcode bbox
2026-06-27 08:50:15,947 - BarcodeOCR.core.barcode_detection - INFO - detect_barcode:227 - Barcode decoded via opencv: '010735494227' [UPC_A]
2026-06-27 08:50:15,949 - BarcodeOCR.core.preprocessing - DEBUG - crop_text_below_barcode:273 - Text ROI cropped using barcode bbox
2026-06-27 08:50:16,266 - BarcodeOCR.core.barcode_detection - WARNING - detect_barcode:223 - No barcode detected by any engine/variant
2026-06-27 08:50:16,286 - BarcodeOCR.core.preprocessing - DEBUG - crop_text_below_barcode:273 - Text ROI cropped using barcode bbox
2026-06-27 08:50:16,641 - BarcodeOCR.core.barcode_detection - INFO - detect_barcode:227 - Barcode decoded via zxing: '02B2134241M' [CODE_128]
2026-06-27 08:50:16,661 - BarcodeOCR.core.preprocessing - DEBUG - crop_text_below_barcode:273 - Text ROI cropped using barcode bbox
2026-06-27 08:50:16,817 - BarcodeOCR.core.barcode_detection - INFO - detect_barcode:227 - Barcode decoded via zxing: '02B2170241M' [CODE_128]
2026-06-27 08:50:16,841 - BarcodeOCR.core.preprocessing - DEBUG - crop_text_below_barcode:273 - Text ROI cropped using barcode bbox
2026-06-27 08:50:20,247 - BarcodeOCR.services.ocr_service - INFO - extract_text:198 - OCR completed -> 'TEETERTELELLALLAI' (38.4%) via tesseract in 4.374s
2026-06-27 08:50:20,288 - BarcodeOCR.core.preprocessing - INFO - load_image:57 - Image loaded: C:\Users\ajink\OneDrive\Desktop\barcode_ocr_systemmm\input_images\27.png shape=(548, 750, 3)
2026-06-27 08:50:22,013 - BarcodeOCR.core.barcode_detection - INFO - detect_barcode:227 - Barcode decoded via zxing: '02B2198241P' [CODE_128]
2026-06-27 08:50:22,020 - BarcodeOCR.core.preprocessing - DEBUG - crop_text_below_barcode:273 - Text ROI cropped using barcode bbox
2026-06-27 08:50:24,594 - BarcodeOCR.services.ocr_service - INFO - extract_text:198 - OCR completed -> '0282121241M' (66.8%) via easyocr in 11.271s
2026-06-27 08:50:24,643 - BarcodeOCR.core.preprocessing - INFO - load_image:57 - Image loaded: C:\Users\ajink\OneDrive\Desktop\barcode_ocr_systemmm\input_images\28.png shape=(548, 750, 3)
2026-06-27 08:50:24,833 - BarcodeOCR.services.ocr_service - INFO - extract_text:198 - OCR completed -> '02B2128241M' (94.2%) via easyocr in 10.802s
2026-06-27 08:50:24,847 - BarcodeOCR.core.preprocessing - INFO - load_image:57 - Image loaded: C:\Users\ajink\OneDrive\Desktop\barcode_ocr_systemmm\input_images\29.png shape=(548, 750, 3)
2026-06-27 08:50:24,896 - BarcodeOCR.services.ocr_service - INFO - extract_text:198 - OCR completed -> 'TREEEEUETETRA' (27.5%) via tesseract in 2.873s
2026-06-27 08:50:24,909 - BarcodeOCR.core.preprocessing - INFO - load_image:57 - Image loaded: C:\Users\ajink\OneDrive\Desktop\barcode_ocr_systemmm\input_images\30.png shape=(548, 750, 3)
2026-06-27 08:50:24,944 - BarcodeOCR.services.ocr_service - INFO - extract_text:198 - OCR completed -> '02B2170241P' (92.7%) via easyocr in 8.655s
2026-06-27 08:50:24,962 - BarcodeOCR.core.preprocessing - INFO - load_image:57 - Image loaded: C:\Users\ajink\OneDrive\Desktop\barcode_ocr_systemmm\input_images\31.png shape=(548, 750, 3)
2026-06-27 08:50:25,088 - BarcodeOCR.services.ocr_service - INFO - extract_text:198 - OCR completed -> 'HTTETTTAAETST' (27.6%) via tesseract in 8.421s
2026-06-27 08:50:25,142 - BarcodeOCR.core.preprocessing - INFO - load_image:57 - Image loaded: C:\Users\ajink\OneDrive\Desktop\barcode_ocr_systemmm\input_images\32.png shape=(548, 750, 3)
2026-06-27 08:50:25,387 - BarcodeOCR.services.ocr_service - INFO - extract_text:198 - OCR completed -> '02B2128241P' (84.8%) via easyocr in 9.632s
2026-06-27 08:50:25,403 - BarcodeOCR.core.preprocessing - INFO - load_image:57 - Image loaded: C:\Users\ajink\OneDrive\Desktop\barcode_ocr_systemmm\input_images\33.png shape=(548, 750, 3)
2026-06-27 08:50:25,463 - BarcodeOCR.services.ocr_service - INFO - extract_text:198 - OCR completed -> '02B2130241M' (66.7%) via easyocr in 9.511s
2026-06-27 08:50:25,484 - BarcodeOCR.core.preprocessing - INFO - load_image:57 - Image loaded: C:\Users\ajink\OneDrive\Desktop\barcode_ocr_systemmm\input_images\34.png shape=(548, 750, 3)
2026-06-27 08:50:25,640 - BarcodeOCR.services.ocr_service - INFO - extract_text:198 - OCR completed -> '02B2170241M' (93.5%) via easyocr in 8.792s
2026-06-27 08:50:25,659 - BarcodeOCR.core.preprocessing - INFO - load_image:57 - Image loaded: C:\Users\ajink\OneDrive\Desktop\barcode_ocr_systemmm\input_images\35.png shape=(548, 750, 3)
2026-06-27 08:50:25,938 - BarcodeOCR.core.barcode_detection - INFO - detect_barcode:227 - Barcode decoded via zxing: '02B2253241M' [CODE_128]
2026-06-27 08:50:25,949 - BarcodeOCR.core.preprocessing - DEBUG - crop_text_below_barcode:273 - Text ROI cropped using barcode bbox
2026-06-27 08:50:26,032 - BarcodeOCR.core.barcode_detection - WARNING - detect_barcode:223 - No barcode detected by any engine/variant
2026-06-27 08:50:26,045 - BarcodeOCR.core.preprocessing - DEBUG - crop_text_below_barcode:273 - Text ROI cropped using barcode bbox
2026-06-27 08:50:26,105 - BarcodeOCR.core.barcode_detection - INFO - detect_barcode:227 - Barcode decoded via zxing: '02B2250241M' [CODE_128]
2026-06-27 08:50:26,109 - BarcodeOCR.core.preprocessing - DEBUG - crop_text_below_barcode:273 - Text ROI cropped using barcode bbox
2026-06-27 08:50:26,107 - BarcodeOCR.core.barcode_detection - WARNING - detect_barcode:223 - No barcode detected by any engine/variant
2026-06-27 08:50:26,125 - BarcodeOCR.core.preprocessing - DEBUG - crop_text_below_barcode:273 - Text ROI cropped using barcode bbox
2026-06-27 08:50:26,501 - BarcodeOCR.core.barcode_detection - INFO - detect_barcode:227 - Barcode decoded via zxing: '02B2279242M' [CODE_128]
2026-06-27 08:50:26,521 - BarcodeOCR.core.preprocessing - DEBUG - crop_text_below_barcode:273 - Text ROI cropped using barcode bbox
2026-06-27 08:50:26,605 - BarcodeOCR.core.barcode_detection - WARNING - detect_barcode:223 - No barcode detected by any engine/variant
2026-06-27 08:50:26,633 - BarcodeOCR.core.preprocessing - DEBUG - crop_text_below_barcode:273 - Text ROI cropped using barcode bbox
2026-06-27 08:50:26,884 - BarcodeOCR.core.barcode_detection - INFO - detect_barcode:227 - Barcode decoded via zxing: '02B2298241M' [CODE_128]
2026-06-27 08:50:26,890 - BarcodeOCR.core.preprocessing - DEBUG - crop_text_below_barcode:273 - Text ROI cropped using barcode bbox
2026-06-27 08:50:27,204 - BarcodeOCR.core.barcode_detection - INFO - detect_barcode:227 - Barcode decoded via zxing: '02B2300241M' [CODE_128]
2026-06-27 08:50:27,218 - BarcodeOCR.core.preprocessing - DEBUG - crop_text_below_barcode:273 - Text ROI cropped using barcode bbox
2026-06-27 08:50:30,405 - BarcodeOCR.services.ocr_service - INFO - extract_text:198 - OCR completed -> 'HOLELEEEAE' (17.7%) via tesseract in 4.295s
2026-06-27 08:50:30,562 - BarcodeOCR.core.preprocessing - INFO - load_image:57 - Image loaded: C:\Users\ajink\OneDrive\Desktop\barcode_ocr_systemmm\input_images\36.png shape=(548, 750, 3)
2026-06-27 08:50:33,782 - BarcodeOCR.core.barcode_detection - INFO - detect_barcode:227 - Barcode decoded via zxing: '02B2309241M' [CODE_128]
2026-06-27 08:50:33,799 - BarcodeOCR.core.preprocessing - DEBUG - crop_text_below_barcode:273 - Text ROI cropped using barcode bbox
2026-06-27 08:50:38,153 - BarcodeOCR.services.ocr_service - INFO - extract_text:198 - OCR completed -> '0282253241M' (84.4%) via easyocr in 12.203s
2026-06-27 08:50:38,187 - BarcodeOCR.core.preprocessing - INFO - load_image:57 - Image loaded: C:\Users\ajink\OneDrive\Desktop\barcode_ocr_systemmm\input_images\37.png shape=(548, 750, 3)
2026-06-27 08:50:38,345 - BarcodeOCR.services.ocr_service - WARNING - extract_text:192 - OCR returned no results from any engine
2026-06-27 08:50:38,386 - BarcodeOCR.core.preprocessing - INFO - load_image:57 - Image loaded: C:\Users\ajink\OneDrive\Desktop\barcode_ocr_systemmm\input_images\38.png shape=(548, 750, 3)
2026-06-27 08:50:38,447 - BarcodeOCR.services.ocr_service - INFO - extract_text:198 - OCR completed -> '0282279241M' (60.6%) via easyocr in 12.321s
2026-06-27 08:50:38,462 - BarcodeOCR.core.preprocessing - INFO - load_image:57 - Image loaded: C:\Users\ajink\OneDrive\Desktop\barcode_ocr_systemmm\input_images\39.png shape=(548, 750, 3)
2026-06-27 08:50:38,759 - BarcodeOCR.services.ocr_service - INFO - extract_text:198 - OCR completed -> 'ASETATETEEUFELHI' (31.5%) via tesseract in 11.866s
2026-06-27 08:50:38,774 - BarcodeOCR.core.preprocessing - INFO - load_image:57 - Image loaded: C:\Users\ajink\OneDrive\Desktop\barcode_ocr_systemmm\input_images\40.png shape=(548, 750, 3)
2026-06-27 08:50:38,838 - BarcodeOCR.services.ocr_service - INFO - extract_text:198 - OCR completed -> '02B2273241M' (67.1%) via easyocr in 12.79s
2026-06-27 08:50:38,863 - BarcodeOCR.core.preprocessing - INFO - load_image:57 - Image loaded: C:\Users\ajink\OneDrive\Desktop\barcode_ocr_systemmm\input_images\41.png shape=(548, 750, 3)
2026-06-27 08:50:39,051 - BarcodeOCR.services.ocr_service - INFO - extract_text:198 - OCR completed -> '0282300241M' (72.1%) via easyocr in 11.831s
2026-06-27 08:50:39,088 - BarcodeOCR.core.preprocessing - INFO - load_image:57 - Image loaded: C:\Users\ajink\OneDrive\Desktop\barcode_ocr_systemmm\input_images\42.png shape=(548, 750, 3)
2026-06-27 08:50:39,448 - BarcodeOCR.core.barcode_detection - WARNING - detect_barcode:223 - No barcode detected by any engine/variant
2026-06-27 08:50:39,466 - BarcodeOCR.core.preprocessing - DEBUG - crop_text_below_barcode:273 - Text ROI cropped using barcode bbox
2026-06-27 08:50:39,622 - BarcodeOCR.services.ocr_service - INFO - extract_text:198 - OCR completed -> '02B2296241P' (79.2%) via easyocr in 12.985s
2026-06-27 08:50:39,648 - BarcodeOCR.core.preprocessing - INFO - load_image:57 - Image loaded: C:\Users\ajink\OneDrive\Desktop\barcode_ocr_systemmm\input_images\43.png shape=(548, 750, 3)
2026-06-27 08:50:39,660 - BarcodeOCR.core.barcode_detection - INFO - detect_barcode:227 - Barcode decoded via zxing: '02B2329242M' [CODE_128]
2026-06-27 08:50:39,664 - BarcodeOCR.core.preprocessing - DEBUG - crop_text_below_barcode:273 - Text ROI cropped using barcode bbox
2026-06-27 08:50:39,835 - BarcodeOCR.services.ocr_service - INFO - extract_text:198 - OCR completed -> '02B2309241M' (65.9%) via easyocr in 6.034s
2026-06-27 08:50:39,862 - BarcodeOCR.core.preprocessing - INFO - load_image:57 - Image loaded: C:\Users\ajink\OneDrive\Desktop\barcode_ocr_systemmm\input_images\44.png shape=(548, 750, 3)
2026-06-27 08:50:40,295 - BarcodeOCR.core.barcode_detection - INFO - detect_barcode:227 - Barcode decoded via zxing: '02B2329241M' [CODE_128]
2026-06-27 08:50:40,308 - BarcodeOCR.core.preprocessing - DEBUG - crop_text_below_barcode:273 - Text ROI cropped using barcode bbox
2026-06-27 08:50:40,409 - BarcodeOCR.core.barcode_detection - INFO - detect_barcode:227 - Barcode decoded via zxing: '02B2333242M' [CODE_128]
2026-06-27 08:50:40,417 - BarcodeOCR.core.preprocessing - DEBUG - crop_text_below_barcode:273 - Text ROI cropped using barcode bbox
2026-06-27 08:50:40,496 - BarcodeOCR.core.barcode_detection - WARNING - detect_barcode:223 - No barcode detected by any engine/variant
2026-06-27 08:50:40,541 - BarcodeOCR.core.preprocessing - DEBUG - crop_text_below_barcode:273 - Text ROI cropped using barcode bbox
2026-06-27 08:50:41,265 - BarcodeOCR.core.barcode_detection - INFO - detect_barcode:227 - Barcode decoded via zxing: '02B2363241M' [CODE_128]
2026-06-27 08:50:41,289 - BarcodeOCR.core.preprocessing - DEBUG - crop_text_below_barcode:273 - Text ROI cropped using barcode bbox
2026-06-27 08:50:42,238 - BarcodeOCR.core.barcode_detection - WARNING - detect_barcode:223 - No barcode detected by any engine/variant
2026-06-27 08:50:42,256 - BarcodeOCR.core.preprocessing - DEBUG - crop_text_below_barcode:273 - Text ROI cropped using barcode bbox
2026-06-27 08:50:43,072 - BarcodeOCR.core.barcode_detection - INFO - detect_barcode:227 - Barcode decoded via zxing: '02B2364241M' [CODE_128]
2026-06-27 08:50:43,123 - BarcodeOCR.core.preprocessing - DEBUG - crop_text_below_barcode:273 - Text ROI cropped using barcode bbox
2026-06-27 08:50:43,469 - BarcodeOCR.services.ocr_service - INFO - extract_text:198 - OCR completed -> 'EEELIELLLUEAAN' (35.8%) via tesseract in 3.803s
2026-06-27 08:50:43,544 - BarcodeOCR.core.preprocessing - INFO - load_image:57 - Image loaded: C:\Users\ajink\OneDrive\Desktop\barcode_ocr_systemmm\input_images\45.png shape=(548, 750, 3)
2026-06-27 08:50:46,115 - BarcodeOCR.core.barcode_detection - WARNING - detect_barcode:223 - No barcode detected by any engine/variant
2026-06-27 08:50:46,155 - BarcodeOCR.core.preprocessing - DEBUG - crop_text_below_barcode:273 - Text ROI cropped using barcode bbox
2026-06-27 08:50:46,497 - BarcodeOCR.services.ocr_service - INFO - extract_text:198 - OCR completed -> 'RRTATAE' (16.0%) via tesseract in 6.185s
2026-06-27 08:50:46,543 - BarcodeOCR.core.preprocessing - INFO - load_image:57 - Image loaded: C:\Users\ajink\OneDrive\Desktop\barcode_ocr_systemmm\input_images\46.png shape=(548, 750, 3)
2026-06-27 08:50:48,543 - BarcodeOCR.core.barcode_detection - WARNING - detect_barcode:223 - No barcode detected by any engine/variant
2026-06-27 08:50:48,558 - BarcodeOCR.core.preprocessing - DEBUG - crop_text_below_barcode:273 - Text ROI cropped using barcode bbox
2026-06-27 08:50:50,043 - BarcodeOCR.services.ocr_service - INFO - extract_text:198 - OCR completed -> '0282333242M' (58.4%) via easyocr in 9.623s
2026-06-27 08:50:50,068 - BarcodeOCR.core.preprocessing - INFO - load_image:57 - Image loaded: C:\Users\ajink\OneDrive\Desktop\barcode_ocr_systemmm\input_images\47.png shape=(548, 750, 3)
2026-06-27 08:50:50,296 - BarcodeOCR.services.ocr_service - INFO - extract_text:198 - OCR completed -> '0282318241M' (83.3%) via easyocr in 10.828s
2026-06-27 08:50:50,325 - BarcodeOCR.core.preprocessing - INFO - load_image:57 - Image loaded: C:\Users\ajink\OneDrive\Desktop\barcode_ocr_systemmm\input_images\48.png shape=(548, 750, 3)
2026-06-27 08:50:52,099 - BarcodeOCR.core.barcode_detection - WARNING - detect_barcode:223 - No barcode detected by any engine/variant
2026-06-27 08:50:52,107 - BarcodeOCR.core.preprocessing - DEBUG - crop_text_below_barcode:273 - Text ROI cropped using barcode bbox
2026-06-27 08:50:52,164 - BarcodeOCR.core.barcode_detection - INFO - detect_barcode:227 - Barcode decoded via zxing: '02B2501241P' [CODE_128]
2026-06-27 08:50:52,175 - BarcodeOCR.core.preprocessing - DEBUG - crop_text_below_barcode:273 - Text ROI cropped using barcode bbox
2026-06-27 08:50:52,258 - BarcodeOCR.services.ocr_service - INFO - extract_text:198 - OCR completed -> 'LS02B2333241M' (73.5%) via tesseract in 11.71s
2026-06-27 08:50:52,293 - BarcodeOCR.core.preprocessing - INFO - load_image:57 - Image loaded: C:\Users\ajink\OneDrive\Desktop\barcode_ocr_systemmm\input_images\49.png shape=(548, 750, 3)
2026-06-27 08:50:52,306 - BarcodeOCR.services.ocr_service - INFO - extract_text:198 - OCR completed -> 'LT0A' (6.5%) via easyocr in 11.013s
2026-06-27 08:50:52,349 - BarcodeOCR.core.preprocessing - INFO - load_image:57 - Image loaded: C:\Users\ajink\OneDrive\Desktop\barcode_ocr_systemmm\input_images\50.png shape=(548, 750, 3)
2026-06-27 08:50:52,419 - BarcodeOCR.services.ocr_service - INFO - extract_text:198 - OCR completed -> '0282365241M' (63.5%) via easyocr in 10.159s
2026-06-27 08:50:53,316 - BarcodeOCR.services.ocr_service - INFO - extract_text:198 - OCR completed -> '02B2364241M' (69.1%) via easyocr in 10.191s
2026-06-27 08:50:54,186 - BarcodeOCR.services.ocr_service - INFO - extract_text:198 - OCR completed -> '0282437241M' (60.9%) via easyocr in 8.027s
2026-06-27 08:50:54,491 - BarcodeOCR.core.barcode_detection - INFO - detect_barcode:227 - Barcode decoded via zxing: '02B2508241P' [CODE_128]
2026-06-27 08:50:54,493 - BarcodeOCR.core.preprocessing - DEBUG - crop_text_below_barcode:273 - Text ROI cropped using barcode bbox
2026-06-27 08:50:54,518 - BarcodeOCR.core.barcode_detection - INFO - detect_barcode:227 - Barcode decoded via zxing: '02B2513241M' [CODE_128]
2026-06-27 08:50:54,522 - BarcodeOCR.core.preprocessing - DEBUG - crop_text_below_barcode:273 - Text ROI cropped using barcode bbox
2026-06-27 08:50:54,555 - BarcodeOCR.services.ocr_service - INFO - extract_text:198 - OCR completed -> 'EEELIBRETELELLAA' (30.4%) via tesseract in 2.379s
2026-06-27 08:50:54,613 - BarcodeOCR.services.ocr_service - INFO - extract_text:198 - OCR completed -> '02B2494241M' (90.0%) via tesseract in 6.051s
2026-06-27 08:50:56,111 - BarcodeOCR.services.ocr_service - INFO - extract_text:198 - OCR completed -> '02B2501241M' (71.7%) via easyocr in 4.003s
2026-06-27 08:50:56,565 - BarcodeOCR.services.ocr_service - INFO - extract_text:198 - OCR completed -> 'AENEEEE' (14.0%) via tesseract in 2.07s
2026-06-27 08:50:57,326 - BarcodeOCR.services.ocr_service - INFO - extract_text:198 - OCR completed -> '02B2513241M' (83.0%) via easyocr in 2.803s
2026-06-27 08:50:58,055 - BarcodeOCR.services.report_service - INFO - save_to_pdf:178 - PDF report saved -> outputs\reports\report_20260627_085057.pdf
2026-06-27 08:50:58,077 - BarcodeOCR.services.report_service - INFO - save_to_csv:78 - CSV saved -> outputs\results.csv
2026-06-27 08:50:58,097 - BarcodeOCR.services.report_service - INFO - save_to_excel:121 - Excel saved -> outputs\results.xlsx
2026-06-27 08:50:58,116 - BarcodeOCR.services.report_service - INFO - save_all_json:132 - JSON saved -> outputs\json\all_results.json
2026-06-27 08:56:35,960 - BarcodeOCR.core.preprocessing - INFO - load_image:57 - Image loaded: C:\Users\ajink\OneDrive\Desktop\barcode_ocr_systemmm\input_images\42.png shape=(548, 750, 3)
2026-06-27 08:56:35,973 - BarcodeOCR.core.preprocessing - DEBUG - crop_text_below_barcode:273 - Text ROI cropped using barcode bbox
2026-06-27 08:56:36,421 - BarcodeOCR.services.report_service - INFO - save_to_pdf:178 - PDF report saved -> outputs\reports\report_20260627_085636.pdf
2026-06-27 08:56:36,436 - BarcodeOCR.services.report_service - INFO - save_to_csv:78 - CSV saved -> outputs\results.csv
2026-06-27 08:56:36,473 - BarcodeOCR.services.report_service - INFO - save_to_excel:121 - Excel saved -> outputs\results.xlsx
2026-06-27 08:56:36,478 - BarcodeOCR.services.report_service - INFO - save_all_json:132 - JSON saved -> outputs\json\all_results.json
2026-06-27 08:56:49,126 - BarcodeOCR.core.preprocessing - INFO - load_image:57 - Image loaded: C:\Users\ajink\OneDrive\Desktop\barcode_ocr_systemmm\input_images\42.png shape=(548, 750, 3)
2026-06-27 08:56:49,128 - BarcodeOCR.core.preprocessing - DEBUG - crop_text_below_barcode:273 - Text ROI cropped using barcode bbox
2026-06-27 08:56:49,337 - BarcodeOCR.services.report_service - INFO - save_to_pdf:178 - PDF report saved -> outputs\reports\report_20260627_085649.pdf
2026-06-27 08:56:49,346 - BarcodeOCR.services.report_service - INFO - save_to_csv:78 - CSV saved -> outputs\results.csv
2026-06-27 08:56:49,374 - BarcodeOCR.services.report_service - INFO - save_to_excel:121 - Excel saved -> outputs\results.xlsx
2026-06-27 08:56:49,380 - BarcodeOCR.services.report_service - INFO - save_all_json:132 - JSON saved -> outputs\json\all_results.json
2026-06-27 08:56:50,509 - BarcodeOCR.core.preprocessing - INFO - load_image:57 - Image loaded: C:\Users\ajink\OneDrive\Desktop\barcode_ocr_systemmm\input_images\42.png shape=(548, 750, 3)
2026-06-27 08:56:50,511 - BarcodeOCR.core.preprocessing - DEBUG - crop_text_below_barcode:273 - Text ROI cropped using barcode bbox
2026-06-27 08:56:50,752 - BarcodeOCR.services.report_service - INFO - save_to_pdf:178 - PDF report saved -> outputs\reports\report_20260627_085650.pdf
2026-06-27 08:56:50,762 - BarcodeOCR.services.report_service - INFO - save_to_csv:78 - CSV saved -> outputs\results.csv
2026-06-27 08:56:50,793 - BarcodeOCR.services.report_service - INFO - save_to_excel:121 - Excel saved -> outputs\results.xlsx
2026-06-27 08:56:50,796 - BarcodeOCR.services.report_service - INFO - save_all_json:132 - JSON saved -> outputs\json\all_results.json
